# JRE version: Java(TM) SE Runtime Environment (8.0_11-b12) (build 1.8.0_11-b12)
# Java VM: Java HotSpot(TM) 64-Bit Server VM (25.11-b03 mixed mode windows-amd64 compressed oops)
Heap:
 PSYoungGen      total 49152K, used 17594K [0x000000076ac00000, 0x000000076e900000, 0x00000007c0000000)
  eden space 36352K, 29% used [0x000000076ac00000,0x000000076b6a4880,0x000000076cf80000)
  from space 12800K, 52% used [0x000000076cf80000,0x000000076d60a050,0x000000076dc00000)
  to   space 12800K, 0% used [0x000000076dc80000,0x000000076dc80000,0x000000076e900000)
 ParOldGen       total 41984K, used 29468K [0x00000006c0400000, 0x00000006c2d00000, 0x000000076ac00000)
  object space 41984K, 70% used [0x00000006c0400000,0x00000006c20c73c0,0x00000006c2d00000)
 Metaspace       used 29593K, capacity 29843K, committed 30208K, reserved 1075200K
  class space    used 3651K, capacity 3738K, committed 3840K, reserved 1048576K
GC Heap History (10 events):
Event: 7.108 GC heap before
{Heap before GC invocations=27 (full 4):
 PSYoungGen      total 46080K, used 40640K [0x000000076ac00000, 0x000000076e900000, 0x00000007c0000000)
  eden space 33792K, 100% used [0x000000076ac00000,0x000000076cd00000,0x000000076cd00000)
  from space 12288K, 55% used [0x000000076dd00000,0x000000076e3b0020,0x000000076e900000)
  to   space 14336K, 0% used [0x000000076cd00000,0x000000076cd00000,0x000000076db00000)
 ParOldGen       total 41984K, used 29452K [0x00000006c0400000, 0x00000006c2d00000, 0x000000076ac00000)
  object space 41984K, 70% used [0x00000006c0400000,0x00000006c20c33c0,0x00000006c2d00000)
 Metaspace       used 28562K, capacity 28787K, committed 28928K, reserved 1075200K
  class space    used 3519K, capacity 3578K, committed 3584K, reserved 1048576K
Event: 7.111 GC heap after
Heap after GC invocations=27 (full 4):
 PSYoungGen      total 48128K, used 6520K [0x000000076ac00000, 0x000000076ea00000, 0x00000007c0000000)
  eden space 33792K, 0% used [0x000000076ac00000,0x000000076ac00000,0x000000076cd00000)
  from space 14336K, 45% used [0x000000076cd00000,0x000000076d35e040,0x000000076db00000)
  to   space 13824K, 0% used [0x000000076dc80000,0x000000076dc80000,0x000000076ea00000)
 ParOldGen       total 41984K, used 29460K [0x00000006c0400000, 0x00000006c2d00000, 0x000000076ac00000)
  object space 41984K, 70% used [0x00000006c0400000,0x00000006c20c53c0,0x00000006c2d00000)
 Metaspace       used 28562K, capacity 28787K, committed 28928K, reserved 1075200K
  class space    used 3519K, capacity 3578K, committed 3584K, reserved 1048576K
}
Event: 15.333 GC heap before
{Heap before GC invocations=28 (full 4):
 PSYoungGen      total 48128K, used 40312K [0x000000076ac00000, 0x000000076ea00000, 0x00000007c0000000)
  eden space 33792K, 100% used [0x000000076ac00000,0x000000076cd00000,0x000000076cd00000)
  from space 14336K, 45% used [0x000000076cd00000,0x000000076d35e040,0x000000076db00000)
  to   space 13824K, 0% used [0x000000076dc80000,0x000000076dc80000,0x000000076ea00000)
 ParOldGen       total 41984K, used 29460K [0x00000006c0400000, 0x00000006c2d00000, 0x000000076ac00000)
  object space 41984K, 70% used [0x00000006c0400000,0x00000006c20c53c0,0x00000006c2d00000)
 Metaspace       used 29588K, capacity 29843K, committed 30208K, reserved 1075200K
  class space    used 3650K, capacity 3738K, committed 3840K, reserved 1048576K
Event: 15.336 GC heap after
Heap after GC invocations=28 (full 4):
 PSYoungGen      total 47616K, used 6808K [0x000000076ac00000, 0x000000076e880000, 0x00000007c0000000)
  eden space 35328K, 0% used [0x000000076ac00000,0x000000076ac00000,0x000000076ce80000)
  from space 12288K, 55% used [0x000000076dc80000,0x000000076e326040,0x000000076e880000)
  to   space 13312K, 0% used [0x000000076ce80000,0x000000076ce80000,0x000000076db80000)
 ParOldGen       total 41984K, used 29468K [0x00000006c0400000, 0x00000006c2d00000, 0x000000076ac00000)
  object space 41984K, 70% used [0x00000006c0400000,0x00000006c20c73c0,0x00000006c2d00000)
 Metaspace       used 29588K, capacity 29843K, committed 30208K, reserved 1075200K
  class space    used 3650K, capacity 3738K, committed 3840K, reserved 1048576K
}
Event: 24.751 GC heap before
{Heap before GC invocations=29 (full 4):
 PSYoungGen      total 47616K, used 42136K [0x000000076ac00000, 0x000000076e880000, 0x00000007c0000000)
  eden space 35328K, 100% used [0x000000076ac00000,0x000000076ce80000,0x000000076ce80000)
  from space 12288K, 55% used [0x000000076dc80000,0x000000076e326040,0x000000076e880000)
  to   space 13312K, 0% used [0x000000076ce80000,0x000000076ce80000,0x000000076db80000)
 ParOldGen       total 41984K, used 29468K [0x00000006c0400000, 0x00000006c2d00000, 0x000000076ac00000)
  object space 41984K, 70% used [0x00000006c0400000,0x00000006c20c73c0,0x00000006c2d00000)
 Metaspace       used 29590K, capacity 29843K, committed 30208K, reserved 1075200K
  class space    used 3650K, capacity 3738K, committed 3840K, reserved 1048576K
Event: 24.753 GC heap after
Heap after GC invocations=29 (full 4):
 PSYoungGen      total 48640K, used 6760K [0x000000076ac00000, 0x000000076e980000, 0x00000007c0000000)
  eden space 35328K, 0% used [0x000000076ac00000,0x000000076ac00000,0x000000076ce80000)
  from space 13312K, 50% used [0x000000076ce80000,0x000000076d51a050,0x000000076db80000)
  to   space 13312K, 0% used [0x000000076dc80000,0x000000076dc80000,0x000000076e980000)
 ParOldGen       total 41984K, used 29468K [0x00000006c0400000, 0x00000006c2d00000, 0x000000076ac00000)
  object space 41984K, 70% used [0x00000006c0400000,0x00000006c20c73c0,0x00000006c2d00000)
 Metaspace       used 29590K, capacity 29843K, committed 30208K, reserved 1075200K
  class space    used 3650K, capacity 3738K, committed 3840K, reserved 1048576K
}
Event: 34.169 GC heap before
{Heap before GC invocations=30 (full 4):
 PSYoungGen      total 48640K, used 42088K [0x000000076ac00000, 0x000000076e980000, 0x00000007c0000000)
  eden space 35328K, 100% used [0x000000076ac00000,0x000000076ce80000,0x000000076ce80000)
  from space 13312K, 50% used [0x000000076ce80000,0x000000076d51a050,0x000000076db80000)
  to   space 13312K, 0% used [0x000000076dc80000,0x000000076dc80000,0x000000076e980000)
 ParOldGen       total 41984K, used 29468K [0x00000006c0400000, 0x00000006c2d00000, 0x000000076ac00000)
  object space 41984K, 70% used [0x00000006c0400000,0x00000006c20c73c0,0x00000006c2d00000)
 Metaspace       used 29591K, capacity 29843K, committed 30208K, reserved 1075200K
  class space    used 3650K, capacity 3738K, committed 3840K, reserved 1048576K
Event: 34.171 GC heap after
Heap after GC invocations=30 (full 4):
 PSYoungGen      total 48640K, used 6744K [0x000000076ac00000, 0x000000076e880000, 0x00000007c0000000)
  eden space 36352K, 0% used [0x000000076ac00000,0x000000076ac00000,0x000000076cf80000)
  from space 12288K, 54% used [0x000000076dc80000,0x000000076e316040,0x000000076e880000)
  to   space 12800K, 0% used [0x000000076cf80000,0x000000076cf80000,0x000000076dc00000)
 ParOldGen       total 41984K, used 29468K [0x00000006c0400000, 0x00000006c2d00000, 0x000000076ac00000)
  object space 41984K, 70% used [0x00000006c0400000,0x00000006c20c73c0,0x00000006c2d00000)
 Metaspace       used 29591K, capacity 29843K, committed 30208K, reserved 1075200K
  class space    used 3650K, capacity 3738K, committed 3840K, reserved 1048576K
}
Event: 43.453 GC heap before
{Heap before GC invocations=31 (full 4):
 PSYoungGen      total 48640K, used 43096K [0x000000076ac00000, 0x000000076e880000, 0x00000007c0000000)
  eden space 36352K, 100% used [0x000000076ac00000,0x000000076cf80000,0x000000076cf80000)
  from space 12288K, 54% used [0x000000076dc80000,0x000000076e316040,0x000000076e880000)
  to   space 12800K, 0% used [0x000000076cf80000,0x000000076cf80000,0x000000076dc00000)
 ParOldGen       total 41984K, used 29468K [0x00000006c0400000, 0x00000006c2d00000, 0x000000076ac00000)
  object space 41984K, 70% used [0x00000006c0400000,0x00000006c20c73c0,0x00000006c2d00000)
 Metaspace       used 29591K, capacity 29843K, committed 30208K, reserved 1075200K
  class space    used 3650K, capacity 3738K, committed 3840K, reserved 1048576K
Event: 43.456 GC heap after
Heap after GC invocations=31 (full 4):
 PSYoungGen      total 49152K, used 6696K [0x000000076ac00000, 0x000000076e900000, 0x00000007c0000000)
  eden space 36352K, 0% used [0x000000076ac00000,0x000000076ac00000,0x000000076cf80000)
  from space 12800K, 52% used [0x000000076cf80000,0x000000076d60a050,0x000000076dc00000)
  to   space 12800K, 0% used [0x000000076dc80000,0x000000076dc80000,0x000000076e900000)
 ParOldGen       total 41984K, used 29468K [0x00000006c0400000, 0x00000006c2d00000, 0x000000076ac00000)
  object space 41984K, 70% used [0x00000006c0400000,0x00000006c20c73c0,0x00000006c2d00000)
 Metaspace       used 29591K, capacity 29843K, committed 30208K, reserved 1075200K
  class space    used 3650K, capacity 3738K, committed 3840K, reserved 1048576K
}

